2025-10-21 19:11:20, MOVE, v:1, k:poo@relogio, mode:PICK
2025-10-21 19:11:21, EXEC, v:1, k:poo@relogio, mode:FULL, rate:100
2025-10-21 19:17:27, EXEC, v:1, k:poo@relogio, mode:FULL, rate:84, size:78
2025-10-21 19:17:52, EXEC, v:1, k:poo@relogio, mode:FULL, rate:100, size:83
2025-10-21 19:22:17, MOVE, v:1, k:poo@relogio, mode:BACK
2025-10-21 19:22:20, MOVE, v:1, k:poo@motoca, mode:PICK
2025-10-21 19:22:20, EXEC, v:1, k:poo@motoca, mode:FULL, rate:6
2025-10-21 19:25:58, EXEC, v:1, k:poo@motoca, mode:FULL, rate:0, size:52
2025-10-21 19:26:45, EXEC, v:1, k:poo@motoca, mode:FULL, rate:0, size:52
2025-10-21 19:27:22, EXEC, v:1, k:poo@motoca, mode:FULL, rate:0, size:52
2025-10-21 19:27:26, EXEC, v:1, k:poo@motoca, mode:FULL, rate:0
2025-10-21 19:28:46, EXEC, v:1, k:poo@motoca, mode:FULL, rate:0, size:45
2025-10-21 19:32:30, EXEC, v:1, k:poo@motoca, mode:FULL, rate:6, size:45
2025-10-21 19:35:29, EXEC, v:1, k:poo@motoca, mode:FULL, rate:6, size:45
2025-10-21 19:35:48, EXEC, v:1, k:poo@motoca, mode:FULL, rate:13, size:45
2025-10-21 19:37:00, EXEC, v:1, k:poo@motoca, mode:FULL, rate:6, size:52
2025-10-21 19:37:11, EXEC, v:1, k:poo@motoca, mode:FULL, rate:13, size:52
2025-10-21 19:38:44, EXEC, v:1, k:poo@motoca, mode:FULL, rate:6, size:52
2025-10-21 19:39:23, EXEC, v:1, k:poo@motoca, mode:FULL, rate:6, size:53
2025-10-21 19:40:36, EXEC, v:1, k:poo@motoca, mode:FULL, rate:6, size:54
2025-10-21 19:41:53, EXEC, v:1, k:poo@motoca, mode:FULL, rate:6, size:53
2025-10-21 19:47:10, MOVE, v:1, k:poo@motoca, mode:PICK
2025-10-21 19:47:11, EXEC, v:1, k:poo@motoca, mode:FULL, rate:20, size:53
2025-10-21 19:47:31, EXEC, v:1, k:poo@motoca, mode:FULL, rate:20, size:53
2025-10-21 19:47:33, EXEC, v:1, k:poo@motoca, mode:FULL, rate:20
