2025-10-07 18:41:17, MOVE, v:1, k:poo@chinela, mode:PICK
2025-10-07 18:41:20, EXEC, v:1, k:poo@chinela, mode:FREE, size:25
2025-10-07 18:42:19, EXEC, v:1, k:poo@chinela, mode:FREE, size:25
2025-10-07 18:44:12, EXEC, v:1, k:poo@chinela, mode:FREE, size:24
2025-10-07 18:44:27, EXEC, v:1, k:poo@chinela, mode:FREE, size:24
2025-10-07 18:46:08, EXEC, v:1, k:poo@chinela, mode:FREE, size:23
2025-10-07 18:46:29, EXEC, v:1, k:poo@chinela, mode:FREE, size:23
2025-10-07 18:47:36, EXEC, v:1, k:poo@chinela, mode:FREE, size:23
2025-10-07 18:52:00, EXEC, v:1, k:poo@chinela, mode:FREE, size:23
2025-10-07 19:00:15, EXEC, v:1, k:poo@chinela, mode:FREE, size:22
2025-10-07 19:47:38, MOVE, v:1, k:poo@chinela, mode:BACK
2025-10-07 19:47:40, MOVE, v:1, k:poo@camisa, mode:PICK
2025-10-07 19:47:41, EXEC, v:1, k:poo@camisa, mode:LOCK, rate:0, size:20
2025-10-07 19:47:43, EXEC, v:1, k:poo@camisa, mode:FREE
2025-10-07 19:47:47, MOVE, v:1, k:poo@camisa, mode:BACK
2025-10-07 19:47:47, MOVE, v:1, k:poo@camisa, mode:PICK
2025-10-07 19:47:49, EXEC, v:1, k:poo@camisa, mode:FREE
2025-10-07 19:48:25, EXEC, v:1, k:poo@camisa, mode:FREE, size:20
2025-10-07 19:49:27, EXEC, v:1, k:poo@camisa, mode:FREE, size:20
2025-10-07 19:49:50, EXEC, v:1, k:poo@camisa, mode:FREE, size:19
2025-10-07 19:50:17, EXEC, v:1, k:poo@camisa, mode:FREE, size:19
2025-10-07 19:50:40, EXEC, v:1, k:poo@camisa, mode:FREE, size:19
2025-10-07 19:50:53, EXEC, v:1, k:poo@camisa, mode:FREE, size:19
2025-10-07 19:51:35, EXEC, v:1, k:poo@camisa, mode:FREE, size:19
2025-10-07 19:53:05, EXEC, v:1, k:poo@camisa, mode:FREE, size:19
2025-10-07 19:55:07, EXEC, v:1, k:poo@camisa, mode:FREE, size:19
2025-10-07 19:55:41, EXEC, v:1, k:poo@camisa, mode:FREE, size:19
2025-10-07 19:55:55, EXEC, v:1, k:poo@camisa, mode:FREE, size:19
2025-10-07 19:56:15, EXEC, v:1, k:poo@camisa, mode:FREE, size:19
2025-10-07 19:56:26, EXEC, v:1, k:poo@camisa, mode:FREE
